Iniciando testes do somador 4-bit:
Num1  Num2  ->  Saida  Cout  |  Esperado
   0 +    0 ->  0000  0  |  00000
   0 +    1 ->  0001  0  |  00001
   0 +    2 ->  0010  0  |  00010
   0 +    3 ->  0011  0  |  00011
   0 +    4 ->  0100  0  |  00100
   0 +    5 ->  0101  0  |  00101
   0 +    6 ->  0110  0  |  00110
   0 +    7 ->  0111  0  |  00111
   0 +    8 ->  1000  0  |  01000
   0 +    9 ->  1001  0  |  01001
   0 +   10 ->  1010  0  |  01010
   0 +   11 ->  1011  0  |  01011
   0 +   12 ->  1100  0  |  01100
   0 +   13 ->  1101  0  |  01101
   0 +   14 ->  1110  0  |  01110
   0 +   15 ->  1111  0  |  01111
   1 +    0 ->  0001  0  |  00001
   1 +    1 ->  0010  0  |  00010
   1 +    2 ->  0011  0  |  00011
   1 +    3 ->  0100  0  |  00100
   1 +    4 ->  0101  0  |  00101
   1 +    5 ->  0110  0  |  00110
   1 +    6 ->  0111  0  |  00111
   1 +    7 ->  1000  0  |  01000
   1 +    8 ->  1001  0  |  01001
   1 +    9 ->  1010  0  |  01010
   1 +   10 ->  1011  0  |  01011
   1 +   11 ->  1100  0  |  01100
   1 +   12 ->  1101  0  |  01101
   1 +   13 ->  1110  0  |  01110
   1 +   14 ->  1111  0  |  01111
   1 +   15 ->  0000  1  |  10000
   2 +    0 ->  0010  0  |  00010
   2 +    1 ->  0011  0  |  00011
   2 +    2 ->  0100  0  |  00100
   2 +    3 ->  0101  0  |  00101
   2 +    4 ->  0110  0  |  00110
   2 +    5 ->  0111  0  |  00111
   2 +    6 ->  1000  0  |  01000
   2 +    7 ->  1001  0  |  01001
   2 +    8 ->  1010  0  |  01010
   2 +    9 ->  1011  0  |  01011
   2 +   10 ->  1100  0  |  01100
   2 +   11 ->  1101  0  |  01101
   2 +   12 ->  1110  0  |  01110
   2 +   13 ->  1111  0  |  01111
   2 +   14 ->  0000  1  |  10000
   2 +   15 ->  0001  1  |  10001
   3 +    0 ->  0011  0  |  00011
   3 +    1 ->  0100  0  |  00100
   3 +    2 ->  0101  0  |  00101
   3 +    3 ->  0110  0  |  00110
   3 +    4 ->  0111  0  |  00111
   3 +    5 ->  1000  0  |  01000
   3 +    6 ->  1001  0  |  01001
   3 +    7 ->  1010  0  |  01010
   3 +    8 ->  1011  0  |  01011
   3 +    9 ->  1100  0  |  01100
   3 +   10 ->  1101  0  |  01101
   3 +   11 ->  1110  0  |  01110
   3 +   12 ->  1111  0  |  01111
   3 +   13 ->  0000  1  |  10000
   3 +   14 ->  0001  1  |  10001
   3 +   15 ->  0010  1  |  10010
   4 +    0 ->  0100  0  |  00100
   4 +    1 ->  0101  0  |  00101
   4 +    2 ->  0110  0  |  00110
   4 +    3 ->  0111  0  |  00111
   4 +    4 ->  1000  0  |  01000
   4 +    5 ->  1001  0  |  01001
   4 +    6 ->  1010  0  |  01010
   4 +    7 ->  1011  0  |  01011
   4 +    8 ->  1100  0  |  01100
   4 +    9 ->  1101  0  |  01101
   4 +   10 ->  1110  0  |  01110
   4 +   11 ->  1111  0  |  01111
   4 +   12 ->  0000  1  |  10000
   4 +   13 ->  0001  1  |  10001
   4 +   14 ->  0010  1  |  10010
   4 +   15 ->  0011  1  |  10011
   5 +    0 ->  0101  0  |  00101
   5 +    1 ->  0110  0  |  00110
   5 +    2 ->  0111  0  |  00111
   5 +    3 ->  1000  0  |  01000
   5 +    4 ->  1001  0  |  01001
   5 +    5 ->  1010  0  |  01010
   5 +    6 ->  1011  0  |  01011
   5 +    7 ->  1100  0  |  01100
   5 +    8 ->  1101  0  |  01101
   5 +    9 ->  1110  0  |  01110
   5 +   10 ->  1111  0  |  01111
   5 +   11 ->  0000  1  |  10000
   5 +   12 ->  0001  1  |  10001
   5 +   13 ->  0010  1  |  10010
   5 +   14 ->  0011  1  |  10011
   5 +   15 ->  0100  1  |  10100
   6 +    0 ->  0110  0  |  00110
   6 +    1 ->  0111  0  |  00111
   6 +    2 ->  1000  0  |  01000
   6 +    3 ->  1001  0  |  01001
   6 +    4 ->  1010  0  |  01010
   6 +    5 ->  1011  0  |  01011
   6 +    6 ->  1100  0  |  01100
   6 +    7 ->  1101  0  |  01101
   6 +    8 ->  1110  0  |  01110
   6 +    9 ->  1111  0  |  01111
   6 +   10 ->  0000  1  |  10000
   6 +   11 ->  0001  1  |  10001
   6 +   12 ->  0010  1  |  10010
   6 +   13 ->  0011  1  |  10011
   6 +   14 ->  0100  1  |  10100
   6 +   15 ->  0101  1  |  10101
   7 +    0 ->  0111  0  |  00111
   7 +    1 ->  1000  0  |  01000
   7 +    2 ->  1001  0  |  01001
   7 +    3 ->  1010  0  |  01010
   7 +    4 ->  1011  0  |  01011
   7 +    5 ->  1100  0  |  01100
   7 +    6 ->  1101  0  |  01101
   7 +    7 ->  1110  0  |  01110
   7 +    8 ->  1111  0  |  01111
   7 +    9 ->  0000  1  |  10000
   7 +   10 ->  0001  1  |  10001
   7 +   11 ->  0010  1  |  10010
   7 +   12 ->  0011  1  |  10011
   7 +   13 ->  0100  1  |  10100
   7 +   14 ->  0101  1  |  10101
   7 +   15 ->  0110  1  |  10110
   8 +    0 ->  1000  0  |  01000
   8 +    1 ->  1001  0  |  01001
   8 +    2 ->  1010  0  |  01010
   8 +    3 ->  1011  0  |  01011
   8 +    4 ->  1100  0  |  01100
   8 +    5 ->  1101  0  |  01101
   8 +    6 ->  1110  0  |  01110
   8 +    7 ->  1111  0  |  01111
   8 +    8 ->  0000  1  |  10000
   8 +    9 ->  0001  1  |  10001
   8 +   10 ->  0010  1  |  10010
   8 +   11 ->  0011  1  |  10011
   8 +   12 ->  0100  1  |  10100
   8 +   13 ->  0101  1  |  10101
   8 +   14 ->  0110  1  |  10110
   8 +   15 ->  0111  1  |  10111
   9 +    0 ->  1001  0  |  01001
   9 +    1 ->  1010  0  |  01010
   9 +    2 ->  1011  0  |  01011
   9 +    3 ->  1100  0  |  01100
   9 +    4 ->  1101  0  |  01101
   9 +    5 ->  1110  0  |  01110
   9 +    6 ->  1111  0  |  01111
   9 +    7 ->  0000  1  |  10000
   9 +    8 ->  0001  1  |  10001
   9 +    9 ->  0010  1  |  10010
   9 +   10 ->  0011  1  |  10011
   9 +   11 ->  0100  1  |  10100
   9 +   12 ->  0101  1  |  10101
   9 +   13 ->  0110  1  |  10110
   9 +   14 ->  0111  1  |  10111
   9 +   15 ->  1000  1  |  11000
  10 +    0 ->  1010  0  |  01010
  10 +    1 ->  1011  0  |  01011
  10 +    2 ->  1100  0  |  01100
  10 +    3 ->  1101  0  |  01101
  10 +    4 ->  1110  0  |  01110
  10 +    5 ->  1111  0  |  01111
  10 +    6 ->  0000  1  |  10000
  10 +    7 ->  0001  1  |  10001
  10 +    8 ->  0010  1  |  10010
  10 +    9 ->  0011  1  |  10011
  10 +   10 ->  0100  1  |  10100
  10 +   11 ->  0101  1  |  10101
  10 +   12 ->  0110  1  |  10110
  10 +   13 ->  0111  1  |  10111
  10 +   14 ->  1000  1  |  11000
  10 +   15 ->  1001  1  |  11001
  11 +    0 ->  1011  0  |  01011
  11 +    1 ->  1100  0  |  01100
  11 +    2 ->  1101  0  |  01101
  11 +    3 ->  1110  0  |  01110
  11 +    4 ->  1111  0  |  01111
  11 +    5 ->  0000  1  |  10000
  11 +    6 ->  0001  1  |  10001
  11 +    7 ->  0010  1  |  10010
  11 +    8 ->  0011  1  |  10011
  11 +    9 ->  0100  1  |  10100
  11 +   10 ->  0101  1  |  10101
  11 +   11 ->  0110  1  |  10110
  11 +   12 ->  0111  1  |  10111
  11 +   13 ->  1000  1  |  11000
  11 +   14 ->  1001  1  |  11001
  11 +   15 ->  1010  1  |  11010
  12 +    0 ->  1100  0  |  01100
  12 +    1 ->  1101  0  |  01101
  12 +    2 ->  1110  0  |  01110
  12 +    3 ->  1111  0  |  01111
  12 +    4 ->  0000  1  |  10000
  12 +    5 ->  0001  1  |  10001
  12 +    6 ->  0010  1  |  10010
  12 +    7 ->  0011  1  |  10011
  12 +    8 ->  0100  1  |  10100
  12 +    9 ->  0101  1  |  10101
  12 +   10 ->  0110  1  |  10110
  12 +   11 ->  0111  1  |  10111
  12 +   12 ->  1000  1  |  11000
  12 +   13 ->  1001  1  |  11001
  12 +   14 ->  1010  1  |  11010
  12 +   15 ->  1011  1  |  11011
  13 +    0 ->  1101  0  |  01101
  13 +    1 ->  1110  0  |  01110
  13 +    2 ->  1111  0  |  01111
  13 +    3 ->  0000  1  |  10000
  13 +    4 ->  0001  1  |  10001
  13 +    5 ->  0010  1  |  10010
  13 +    6 ->  0011  1  |  10011
  13 +    7 ->  0100  1  |  10100
  13 +    8 ->  0101  1  |  10101
  13 +    9 ->  0110  1  |  10110
  13 +   10 ->  0111  1  |  10111
  13 +   11 ->  1000  1  |  11000
  13 +   12 ->  1001  1  |  11001
  13 +   13 ->  1010  1  |  11010
  13 +   14 ->  1011  1  |  11011
  13 +   15 ->  1100  1  |  11100
  14 +    0 ->  1110  0  |  01110
  14 +    1 ->  1111  0  |  01111
  14 +    2 ->  0000  1  |  10000
  14 +    3 ->  0001  1  |  10001
  14 +    4 ->  0010  1  |  10010
  14 +    5 ->  0011  1  |  10011
  14 +    6 ->  0100  1  |  10100
  14 +    7 ->  0101  1  |  10101
  14 +    8 ->  0110  1  |  10110
  14 +    9 ->  0111  1  |  10111
  14 +   10 ->  1000  1  |  11000
  14 +   11 ->  1001  1  |  11001
  14 +   12 ->  1010  1  |  11010
  14 +   13 ->  1011  1  |  11011
  14 +   14 ->  1100  1  |  11100
  14 +   15 ->  1101  1  |  11101
  15 +    0 ->  1111  0  |  01111
  15 +    1 ->  0000  1  |  10000
  15 +    2 ->  0001  1  |  10001
  15 +    3 ->  0010  1  |  10010
  15 +    4 ->  0011  1  |  10011
  15 +    5 ->  0100  1  |  10100
  15 +    6 ->  0101  1  |  10101
  15 +    7 ->  0110  1  |  10110
  15 +    8 ->  0111  1  |  10111
  15 +    9 ->  1000  1  |  11000
  15 +   10 ->  1001  1  |  11001
  15 +   11 ->  1010  1  |  11010
  15 +   12 ->  1011  1  |  11011
  15 +   13 ->  1100  1  |  11100
  15 +   14 ->  1101  1  |  11101
  15 +   15 ->  1110  1  |  11110
Testes concluídos.
tb.v:44: $stop called at 256000 (1ps)
** VVP Stop(0) **
** Flushing output streams.
** Current simulation time is 256000 ticks.
[?2004h> 4
[?2004lUnknown command: 4
Try the help command to get a summary
of available commands.
[?2004h> ^Z[?2004l